<?xml version="1.0" encoding="UTF-8"?>
<!-- Generated by org.testng.reporters.JUnitReportReporter -->
<testsuite hostname="DESKTOP-SH0I2VP" failures="0" tests="1" name="JavaPractice.dropdown" time="14.740" errors="0" timestamp="2025-04-29T13:30:21 IST" skipped="0">
  <testcase classname="JavaPractice.dropdown" name="dropdown" time="14.740"/>
</testsuite> <!-- JavaPractice.dropdown -->
