<?xml version="1.0" encoding="UTF-8"?>
<!-- Generated by org.testng.reporters.JUnitReportReporter -->
<testsuite hostname="DESKTOP-SH0I2VP" failures="0" tests="1" name="JavaPractice.mouseActions" time="6.811" errors="0" timestamp="2025-04-29T19:17:24 IST" skipped="0">
  <testcase classname="JavaPractice.mouseActions" name="mouseActions" time="6.811"/>
</testsuite> <!-- JavaPractice.mouseActions -->
