<?xml version="1.0" encoding="UTF-8"?>
<!-- Generated by org.testng.reporters.JUnitReportReporter -->
<testsuite hostname="DESKTOP-SH0I2VP" failures="0" tests="1" name="JavaPractice.getText" time="9.671" errors="0" timestamp="2025-04-29T12:47:42 IST" skipped="0">
  <testcase classname="JavaPractice.getText" name="getText" time="9.671"/>
</testsuite> <!-- JavaPractice.getText -->
