<?xml version="1.0" encoding="UTF-8"?>
<!-- Generated by org.testng.reporters.JUnitReportReporter -->
<testsuite hostname="DESKTOP-SH0I2VP" failures="0" tests="1" name="JavaPractice.scrolling" time="11.485" errors="0" timestamp="2025-04-29T15:28:55 IST" skipped="0">
  <testcase classname="JavaPractice.scrolling" name="scrolling" time="11.485"/>
</testsuite> <!-- JavaPractice.scrolling -->
