<?xml version="1.0" encoding="UTF-8"?>
<!-- Generated by org.testng.reporters.JUnitReportReporter -->
<testsuite hostname="DESKTOP-SH0I2VP" failures="0" tests="1" name="JavaPractice.screenshot" time="12.385" errors="0" timestamp="2025-04-29T14:46:46 IST" skipped="0">
  <testcase classname="JavaPractice.screenshot" name="screenshot" time="12.385"/>
</testsuite> <!-- JavaPractice.screenshot -->
